<?xml version="1.0" encoding="UTF-8"?>
<testng-results ignored="0" total="4" passed="4" failed="0" skipped="0">
  <reporter-output>
  </reporter-output>
  <suite started-at="2023-04-21T10:48:33 IST" name="Suite" finished-at="2023-04-21T10:55:47 IST" duration-ms="434331">
    <groups>
      <group name="cucumber">
        <method signature="AbstractTestNGCucumberTests.runScenario(io.cucumber.testng.PickleWrapper,io.cucumber.testng.FeatureWrapper)[pri:0, instance:RailwayFieldService_App_general_store.TestRunners.Appium_UI_Runner007@3cd3e762]" name="runScenario" class="io.cucumber.testng.AbstractTestNGCucumberTests"/>
      </group> <!-- cucumber -->
    </groups>
    <test started-at="2023-04-21T10:48:33 IST" name="RegressionTest" finished-at="2023-04-21T10:55:47 IST" duration-ms="434331">
      <class name="RailwayFieldService_App_general_store.TestRunners.Appium_UI_Runner007">
        <test-method is-config="true" signature="setUpClass(org.testng.ITestContext)[pri:0, instance:RailwayFieldService_App_general_store.TestRunners.Appium_UI_Runner007@3cd3e762]" started-at="2023-04-21T10:48:48 IST" name="setUpClass" finished-at="2023-04-21T10:48:49 IST" duration-ms="555" status="PASS">
          <params>
            <param index="0">
              <value>
                <![CDATA[org.testng.TestRunner@77fecd2c]]>
              </value>
            </param>
          </params>
          <reporter-output>
          </reporter-output>
        </test-method> <!-- setUpClass -->
        <test-method is-config="true" signature="beforeCalss()[pri:0, instance:RailwayFieldService_App_general_store.TestRunners.Appium_UI_Runner007@3cd3e762]" started-at="2023-04-21T10:48:49 IST" name="beforeCalss" finished-at="2023-04-21T10:48:49 IST" duration-ms="1" status="PASS">
          <reporter-output>
          </reporter-output>
        </test-method> <!-- beforeCalss -->
        <test-method signature="runScenario(io.cucumber.testng.PickleWrapper,io.cucumber.testng.FeatureWrapper)[pri:0, instance:RailwayFieldService_App_general_store.TestRunners.Appium_UI_Runner007@3cd3e762]" started-at="2023-04-21T10:48:49 IST" name="runScenario" description="Runs Cucumber Scenarios" data-provider="scenarios" finished-at="2023-04-21T10:49:57 IST" duration-ms="67903" status="PASS">
          <params>
            <param index="0">
              <value>
                <![CDATA["GS_01 Verify Toast error message displayed appropriately for invalid input"]]>
              </value>
            </param>
            <param index="1">
              <value>
                <![CDATA["Verify Toast error message displayed appropriately for invalid input"]]>
              </value>
            </param>
          </params>
          <reporter-output>
          </reporter-output>
        </test-method> <!-- runScenario -->
        <test-method signature="runScenario(io.cucumber.testng.PickleWrapper,io.cucumber.testng.FeatureWrapper)[pri:0, instance:RailwayFieldService_App_general_store.TestRunners.Appium_UI_Runner007@3cd3e762]" started-at="2023-04-21T10:49:57 IST" name="runScenario" description="Runs Cucumber Scenarios" data-provider="scenarios" finished-at="2023-04-21T10:51:45 IST" duration-ms="107224" status="PASS">
          <params>
            <param index="0">
              <value>
                <![CDATA["GS_02 Search specific product and add to cart"]]>
              </value>
            </param>
            <param index="1">
              <value>
                <![CDATA["Verify Toast error message displayed appropriately for invalid input"]]>
              </value>
            </param>
          </params>
          <reporter-output>
          </reporter-output>
        </test-method> <!-- runScenario -->
        <test-method signature="runScenario(io.cucumber.testng.PickleWrapper,io.cucumber.testng.FeatureWrapper)[pri:0, instance:RailwayFieldService_App_general_store.TestRunners.Appium_UI_Runner007@3cd3e762]" started-at="2023-04-21T10:51:45 IST" name="runScenario" description="Runs Cucumber Scenarios" data-provider="scenarios" finished-at="2023-04-21T10:53:35 IST" duration-ms="110393" status="PASS">
          <params>
            <param index="0">
              <value>
                <![CDATA["GS_03 Validate the item selected in check out page"]]>
              </value>
            </param>
            <param index="1">
              <value>
                <![CDATA["Verify Toast error message displayed appropriately for invalid input"]]>
              </value>
            </param>
          </params>
          <reporter-output>
          </reporter-output>
        </test-method> <!-- runScenario -->
        <test-method signature="runScenario(io.cucumber.testng.PickleWrapper,io.cucumber.testng.FeatureWrapper)[pri:0, instance:RailwayFieldService_App_general_store.TestRunners.Appium_UI_Runner007@3cd3e762]" started-at="2023-04-21T10:53:35 IST" name="runScenario" description="Runs Cucumber Scenarios" data-provider="scenarios" finished-at="2023-04-21T10:55:47 IST" duration-ms="131777" status="PASS">
          <params>
            <param index="0">
              <value>
                <![CDATA["GS_04 Validate the total amount displayed in the checkout page"]]>
              </value>
            </param>
            <param index="1">
              <value>
                <![CDATA["Verify Toast error message displayed appropriately for invalid input"]]>
              </value>
            </param>
          </params>
          <reporter-output>
          </reporter-output>
        </test-method> <!-- runScenario -->
        <test-method is-config="true" signature="tearDownClass()[pri:0, instance:RailwayFieldService_App_general_store.TestRunners.Appium_UI_Runner007@3cd3e762]" started-at="2023-04-21T10:55:47 IST" name="tearDownClass" finished-at="2023-04-21T10:55:47 IST" duration-ms="124" status="PASS">
          <reporter-output>
          </reporter-output>
        </test-method> <!-- tearDownClass -->
      </class> <!-- RailwayFieldService_App_general_store.TestRunners.Appium_UI_Runner007 -->
    </test> <!-- RegressionTest -->
  </suite> <!-- Suite -->
</testng-results>
